{
  "RSpec": {
    "coverage": {
      "/Users/Edwin/challenges/catechumen/app/helpers/application_helper.rb": [
        1,
        null
      ],
      "/Users/Edwin/challenges/catechumen/app/models/unit_type.rb": [
        1,
        1,
        null,
        1,
        null,
        1,
        null,
        1,
        null,
        1,
        10,
        null,
        null
      ],
      "/Users/Edwin/challenges/catechumen/app/models/subject.rb": [
        1,
        1,
        1,
        null,
        1,
        null,
        1,
        null,
        1,
        null,
        1,
        10,
        null,
        null
      ],
      "/Users/Edwin/challenges/catechumen/app/models/resource.rb": [
        1,
        1,
        1,
        1,
        1,
        1,
        null,
        1,
        1,
        1,
        1,
        1,
        null,
        null,
        1,
        null,
        null,
        1,
        null,
        1,
        0,
        null,
        null,
        1,
        11,
        null,
        null,
        1,
        22,
        null,
        null
      ],
      "/Users/Edwin/challenges/catechumen/app/models/student.rb": [
        1,
        1,
        1,
        1,
        null,
        1,
        null,
        1,
        null,
        1,
        null,
        1,
        6,
        null,
        null
      ],
      "/Users/Edwin/challenges/catechumen/app/controllers/curriculums_controller.rb": [
        1,
        1,
        4,
        4,
        4,
        4,
        4,
        null,
        null,
        null,
        1,
        0,
        0,
        null,
        null,
        1,
        0,
        null,
        null,
        1,
        0,
        0,
        0,
        0,
        null,
        0,
        0,
        null,
        null,
        null,
        1,
        2,
        2,
        2,
        1,
        1,
        null,
        1,
        1,
        null,
        null,
        null,
        1,
        0,
        0,
        0,
        null,
        null,
        1,
        null,
        1,
        2,
        null,
        null
      ],
      "/Users/Edwin/challenges/catechumen/app/controllers/application_controller.rb": [
        1,
        null,
        null,
        1,
        null
      ],
      "/Users/Edwin/challenges/catechumen/app/models/curriculum.rb": [
        1,
        1,
        1,
        null,
        1,
        1,
        null,
        null
      ],
      "/Users/Edwin/challenges/catechumen/app/models/division_type.rb": [
        1,
        1,
        null,
        1,
        null,
        1,
        null,
        1,
        null,
        1,
        8,
        null,
        null
      ],
      "/Users/Edwin/challenges/catechumen/app/controllers/resources_controller.rb": [
        1,
        1,
        1,
        1,
        null,
        null,
        1,
        8,
        8,
        null,
        null,
        1,
        0,
        0,
        null,
        null,
        1,
        0,
        null,
        null,
        1,
        0,
        0,
        0,
        0,
        null,
        0,
        0,
        null,
        null,
        null,
        1,
        8,
        8,
        8,
        1,
        1,
        null,
        7,
        7,
        null,
        null,
        null,
        1,
        0,
        0,
        0,
        null,
        null,
        1,
        null,
        1,
        8,
        null,
        null
      ],
      "/Users/Edwin/challenges/catechumen/app/controllers/students_controller.rb": [
        1,
        1,
        1,
        null,
        null,
        1,
        3,
        null,
        null,
        1,
        0,
        0,
        null,
        null,
        1,
        0,
        null,
        null,
        1,
        0,
        null,
        0,
        0,
        0,
        null,
        0,
        0,
        null,
        null,
        null,
        1,
        3,
        3,
        1,
        1,
        null,
        2,
        2,
        null,
        null,
        null,
        1,
        0,
        0,
        0,
        null,
        null,
        1,
        null,
        1,
        3,
        null,
        null
      ]
    },
    "timestamp": 1453320593
  }
}
