{
  "RSpec": {
    "coverage": {
      "/Users/Edwin/challenges/catechumen/app/helpers/application_helper.rb": [
        1,
        null
      ],
      "/Users/Edwin/challenges/catechumen/app/controllers/students_controller.rb": [
        1,
        1,
        4,
        4,
        null,
        null,
        1,
        0,
        null,
        null,
        1,
        0,
        null,
        null,
        1,
        0,
        null,
        0,
        0,
        0,
        null,
        0,
        0,
        null,
        null,
        null,
        1,
        3,
        3,
        1,
        1,
        null,
        2,
        2,
        2,
        null,
        null,
        null,
        1,
        0,
        0,
        0,
        null,
        null,
        1,
        null,
        1,
        3,
        null,
        null
      ],
      "/Users/Edwin/challenges/catechumen/app/controllers/application_controller.rb": [
        1,
        null,
        null,
        1,
        null
      ],
      "/Users/Edwin/challenges/catechumen/app/models/student.rb": [
        1,
        1,
        null,
        1,
        null,
        1,
        null,
        1,
        4,
        null,
        null
      ]
    },
    "timestamp": 1452997343
  }
}
